
pmvs2
D:\OneDrive - bit.edu.cn\Phenotype\single_pot_1fps\dense point cloud\visualsfm2visualsfm\visualsfm2visualsfm.nvm.cmvs\00\
option-0000
--------------------------------------------------
--- Summary of specified options ---
# of timages: 10 (enumeration)
# of oimages: 0 (enumeration)
level: 1  csize: 2
threshold: 0.7  wsize: 7
minImageNum: 3  CPU: 8
useVisData: 1  sequence: -1
--------------------------------------------------
Reading images: **********
5 78  Harris running ...10 11Harris running ... Harris running ...12 13 15 Harris running ...Harris running ...Harris running ...Harris running ...Harris running ...1482 harris done
DoG running...1551 harris done
1488 harris done
DoG running...DoG running...1504 harris done
1504 harris done
DoG running...DoG running...1504 harris done
DoG running...1471 harris done
DoG running...1505 harris done
DoG running...2040 dog done
16 Harris running ...2040 dog done
17 Harris running ...2040 dog done
2040 dog done
2040 dog done
2040 dog done
2040 dog done
2040 dog done
1535 harris done
DoG running...1529 harris done
DoG running...2040 dog done
2040 dog done
done
adding seeds 
(3,121)(4,5)(5,109)(6,5)(1,127)(0,54)(7,124)(2,37)(8,159)(9,30)done
---- Initial: 0 secs ----
Total pass fail0 fail1 refinepatch: 55350 1002 51168 3180 4182
Total pass fail0 fail1 refinepatch: 100 1.8103 92.4444 5.74526 7.55556
Expanding patches...
---- EXPANSION: 12 secs ----
Total pass fail0 fail1 refinepatch: 105656 83866 13337 8453 92319
Total pass fail0 fail1 refinepatch: 100 79.3765 12.623 8.00049 87.377
FilterOutside
mainbody: 
Gain (ave/var): 1.30734 0.775339
84588 -> 83215 (98.3768%)	0 secs
Filter Exact: **********
83215 -> 74547 (89.5836%)	0 secs
FilterNeighbor:	74547 -> 57826 (77.5699%)	0 secs
FilterGroups:	20
57826 -> 54419 (94.1082%)	0 secs
STATUS: 0 0 0 0 0 0 0 0 0 0 
0 0 0 0 0 0 0 0 0 0 
0 0 0 0 0 0 0 0 0 0 
0 0 0 0 0 
Expanding patches...
---- EXPANSION: 6 secs ----
Total pass fail0 fail1 refinepatch: 50332 21740 8177 20415 42155
Total pass fail0 fail1 refinepatch: 100 43.1932 16.2461 40.5607 83.7539
FilterOutside
mainbody: 
Gain (ave/var): 1.60882 0.863958
76159 -> 75955 (99.7321%)	0 secs
Filter Exact: **********
75955 -> 71455 (94.0754%)	0 secs
FilterNeighbor:	71455 -> 67175 (94.0102%)	0 secs
FilterGroups:	20
67175 -> 65403 (97.3621%)	0 secs
STATUS: 0 0 0 0 0 0 0 0 0 0 
0 0 0 0 0 0 0 0 0 0 
0 0 0 0 0 0 0 0 0 0 
0 0 0 0 0 
Expanding patches...
---- EXPANSION: 4 secs ----
Total pass fail0 fail1 refinepatch: 36885 15436 6209 15240 30676
Total pass fail0 fail1 refinepatch: 100 41.849 16.8334 41.3176 83.1666
FilterOutside
mainbody: 
Gain (ave/var): 1.82478 0.990975
80839 -> 80627 (99.7377%)	0 secs
Filter Exact: **********
80627 -> 76047 (94.3195%)	0 secs
FilterNeighbor:	76047 -> 72693 (95.5896%)	0 secs
FilterGroups:	20
72693 -> 71026 (97.7068%)	0 secs
STATUS: 0 0 0 0 0 0 0 0 0 0 
0 0 0 0 0 0 0 0 0 0 
0 0 0 0 0 0 0 0 0 0 
0 0 0 0 0 
---- Total: 0 secs ----
